This is pdfTeX, Version 3.14159265-2.6-1.40.16 (TeX Live 2015/Debian) (preloaded format=pdflatex 2017.10.2)  31 MAY 2018 03:56
entering extended mode
 restricted \write18 enabled.
 %&-line parsing enabled.
**niss.tex
(./niss.tex
LaTeX2e <2016/02/01>
Babel <3.9q> and hyphenation patterns for 81 language(s) loaded.
(/usr/share/texlive/texmf-dist/tex/latex/base/article.cls
Document Class: article 2014/09/29 v1.4h Standard LaTeX document class
(/usr/share/texlive/texmf-dist/tex/latex/base/size10.clo
File: size10.clo 2014/09/29 v1.4h Standard LaTeX file (size option)
)
\c@part=\count79
\c@section=\count80
\c@subsection=\count81
\c@subsubsection=\count82
\c@paragraph=\count83
\c@subparagraph=\count84
\c@figure=\count85
\c@table=\count86
\abovecaptionskip=\skip41
\belowcaptionskip=\skip42
\bibindent=\dimen102
)
(/usr/share/texlive/texmf-dist/tex/latex/t2/mathtext.sty
Package: mathtext 1999/01/28 v1.0 transparent text-and-math defs
LaTeX Info: Redefining \halign on input line 111.
)
(/usr/share/texlive/texmf-dist/tex/latex/base/fontenc.sty
Package: fontenc 2005/09/27 v1.99g Standard LaTeX package

(/usr/share/texlive/texmf-dist/tex/latex/cyrillic/t2aenc.def
File: t2aenc.def 2005/09/27 v1.0i Cyrillic encoding definition file
\symT2Aletters=\mathgroup4
)
LaTeX Font Info:    Try loading font information for T2A+cmr on input line 105.


(/usr/share/texlive/texmf-dist/tex/latex/cyrillic/t2acmr.fd
File: t2acmr.fd 2001/08/11 v1.0a Computer Modern Cyrillic font definitions
))
(/usr/share/texlive/texmf-dist/tex/latex/base/inputenc.sty
Package: inputenc 2015/03/17 v1.2c Input encoding file
\inpenc@prehook=\toks14
\inpenc@posthook=\toks15

(/usr/share/texlive/texmf-dist/tex/latex/cyrillic/cp1251.def
File: cp1251.def 2014/10/28 v1.0d Input encoding file
))
(/usr/share/texlive/texmf-dist/tex/generic/babel/babel.sty
Package: babel 2016/02/24 3.9q The Babel package

(/usr/share/texlive/texmf-dist/tex/generic/babel-english/english.ldf
Language: english 2012/08/20 v3.3p English support from the babel system

(/usr/share/texlive/texmf-dist/tex/generic/babel/babel.def
File: babel.def 2016/02/24 3.9q Babel common definitions
\babel@savecnt=\count87
\U@D=\dimen103
)
\l@canadian = a dialect from \language\l@american 
\l@australian = a dialect from \language\l@british 
\l@newzealand = a dialect from \language\l@british 
)
(/usr/share/texlive/texmf-dist/tex/generic/babel-russian/russianb.ldf
Language: russianb 2016/02/18 1.3h Russian support for the Babel system
Package babel Info: Making " an active character on input line 111.
))
(/usr/share/texlive/texmf-dist/tex/latex/geometry/geometry.sty
Package: geometry 2010/09/12 v5.6 Page Geometry

(/usr/share/texlive/texmf-dist/tex/latex/graphics/keyval.sty
Package: keyval 2014/10/28 v1.15 key=value parser (DPC)
\KV@toks@=\toks16
)
(/usr/share/texlive/texmf-dist/tex/generic/oberdiek/ifpdf.sty
Package: ifpdf 2011/01/30 v2.3 Provides the ifpdf switch (HO)
Package ifpdf Info: pdfTeX in PDF mode is detected.
)
(/usr/share/texlive/texmf-dist/tex/generic/oberdiek/ifvtex.sty
Package: ifvtex 2010/03/01 v1.5 Detect VTeX and its facilities (HO)
Package ifvtex Info: VTeX not detected.
)
(/usr/share/texlive/texmf-dist/tex/generic/ifxetex/ifxetex.sty
Package: ifxetex 2010/09/12 v0.6 Provides ifxetex conditional
)
\Gm@cnth=\count88
\Gm@cntv=\count89
\c@Gm@tempcnt=\count90
\Gm@bindingoffset=\dimen104
\Gm@wd@mp=\dimen105
\Gm@odd@mp=\dimen106
\Gm@even@mp=\dimen107
\Gm@layoutwidth=\dimen108
\Gm@layoutheight=\dimen109
\Gm@layouthoffset=\dimen110
\Gm@layoutvoffset=\dimen111
\Gm@dimlist=\toks17
)
(/usr/share/texlive/texmf-dist/tex/latex/graphics/graphicx.sty
Package: graphicx 2014/10/28 v1.0g Enhanced LaTeX Graphics (DPC,SPQR)

(/usr/share/texlive/texmf-dist/tex/latex/graphics/graphics.sty
Package: graphics 2016/01/03 v1.0q Standard LaTeX Graphics (DPC,SPQR)

(/usr/share/texlive/texmf-dist/tex/latex/graphics/trig.sty
Package: trig 2016/01/03 v1.10 sin cos tan (DPC)
)
(/usr/share/texlive/texmf-dist/tex/latex/latexconfig/graphics.cfg
File: graphics.cfg 2010/04/23 v1.9 graphics configuration of TeX Live
)
Package graphics Info: Driver file: pdftex.def on input line 95.

(/usr/share/texlive/texmf-dist/tex/latex/pdftex-def/pdftex.def
File: pdftex.def 2011/05/27 v0.06d Graphics/color for pdfTeX

(/usr/share/texlive/texmf-dist/tex/generic/oberdiek/infwarerr.sty
Package: infwarerr 2010/04/08 v1.3 Providing info/warning/error messages (HO)
)
(/usr/share/texlive/texmf-dist/tex/generic/oberdiek/ltxcmds.sty
Package: ltxcmds 2011/11/09 v1.22 LaTeX kernel commands for general use (HO)
)
\Gread@gobject=\count91
))
\Gin@req@height=\dimen112
\Gin@req@width=\dimen113
)
(/usr/share/texlive/texmf-dist/tex/latex/amsfonts/amsfonts.sty
Package: amsfonts 2013/01/14 v3.01 Basic AMSFonts support
\@emptytoks=\toks18
\symAMSa=\mathgroup5
\symAMSb=\mathgroup6
LaTeX Font Info:    Overwriting math alphabet `\mathfrak' in version `bold'
(Font)                  U/euf/m/n --> U/euf/b/n on input line 106.
)
(/usr/share/texlive/texmf-dist/tex/latex/amsfonts/amssymb.sty
Package: amssymb 2013/01/14 v3.01 AMS font symbols
)
(/usr/share/texlive/texmf-dist/tex/latex/amsmath/amscd.sty
Package: amscd 1999/11/29 v2.0 AMS Commutatitive Diagrams

(/usr/share/texlive/texmf-dist/tex/latex/amsmath/amsgen.sty
File: amsgen.sty 1999/11/30 v2.0 generic functions
\@emptytoks=\toks19
\ex@=\dimen114
)
\athelp@=\toks20
\minaw@=\dimen115
\bigaw@=\dimen116
\minCDarrowwidth=\dimen117
)
(/usr/share/texlive/texmf-dist/tex/latex/amsmath/amsmath.sty
Package: amsmath 2016/03/03 v2.15a AMS math features
\@mathmargin=\skip43

For additional information on amsmath, use the `?' option.
(/usr/share/texlive/texmf-dist/tex/latex/amsmath/amstext.sty
Package: amstext 2000/06/29 v2.01 AMS text
)
(/usr/share/texlive/texmf-dist/tex/latex/amsmath/amsbsy.sty
Package: amsbsy 1999/11/29 v1.2d Bold Symbols
\pmbraise@=\dimen118
)
(/usr/share/texlive/texmf-dist/tex/latex/amsmath/amsopn.sty
Package: amsopn 1999/12/14 v2.01 operator names
)
\inf@bad=\count92
LaTeX Info: Redefining \frac on input line 199.
\uproot@=\count93
\leftroot@=\count94
LaTeX Info: Redefining \overline on input line 297.
\classnum@=\count95
\DOTSCASE@=\count96
LaTeX Info: Redefining \ldots on input line 394.
LaTeX Info: Redefining \dots on input line 397.
LaTeX Info: Redefining \cdots on input line 518.
\Mathstrutbox@=\box26
\strutbox@=\box27
\big@size=\dimen119
LaTeX Font Info:    Redeclaring font encoding OML on input line 630.
\symOMLletters=\mathgroup7
LaTeX Font Info:    Redeclaring font encoding OMS on input line 631.
\symOMSletters=\mathgroup8
\macc@depth=\count97
\c@MaxMatrixCols=\count98
\dotsspace@=\muskip10
\c@parentequation=\count99
\dspbrk@lvl=\count100
\tag@help=\toks21
\row@=\count101
\column@=\count102
\maxfields@=\count103
\andhelp@=\toks22
\eqnshift@=\dimen120
\alignsep@=\dimen121
\tagshift@=\dimen122
\tagwidth@=\dimen123
\totwidth@=\dimen124
\lineht@=\dimen125
\@envbody=\toks23
\multlinegap=\skip44
\multlinetaggap=\skip45
\mathdisplay@stack=\toks24
LaTeX Info: Redefining \[ on input line 2735.
LaTeX Info: Redefining \] on input line 2736.
)
(/usr/share/texlive/texmf-dist/tex/latex/amscls/amsthm.sty
Package: amsthm 2015/03/04 v2.20.2
\thm@style=\toks25
\thm@bodyfont=\toks26
\thm@headfont=\toks27
\thm@notefont=\toks28
\thm@headpunct=\toks29
\thm@preskip=\skip46
\thm@postskip=\skip47
\thm@headsep=\skip48
\dth@everypar=\toks30
)
(/usr/share/texlive/texmf-dist/tex/latex/jknapltx/mathrsfs.sty
Package: mathrsfs 1996/01/01 Math RSFS package v1.0 (jk)
\symrsfs=\mathgroup9
)
(/usr/share/texlive/texmf-dist/tex/generic/epsf/epsf.sty
This is `epsf.tex' v2.7.4 <14 February 2011>
\epsffilein=\read1
\epsfframemargin=\dimen126
\epsfframethickness=\dimen127
\epsfrsize=\dimen128
\epsftmp=\dimen129
\epsftsize=\dimen130
\epsfxsize=\dimen131
\epsfysize=\dimen132
\pspoints=\dimen133
) (/usr/share/texlive/texmf-dist/tex/latex/wrapfig/wrapfig.sty
\wrapoverhang=\dimen134
\WF@size=\dimen135
\c@WF@wrappedlines=\count104
\WF@box=\box28
\WF@everypar=\toks31
Package: wrapfig 2003/01/31  v 3.6
)
(/usr/share/texlive/texmf-dist/tex/latex/cite/cite.sty
LaTeX Info: Redefining \cite on input line 302.
LaTeX Info: Redefining \nocite on input line 332.
Package: cite 2015/02/27  v 5.5
) (./amsbib.sty
\@@Read=\read2
\@@Write=\write3
\c@aux@counter=\count105

(/usr/share/texlive/texmf-dist/tex/latex/graphics/color.sty
Package: color 2016/01/03 v1.1b Standard LaTeX Color (DPC)

(/usr/share/texlive/texmf-dist/tex/latex/latexconfig/color.cfg
File: color.cfg 2007/01/18 v1.5 color configuration of teTeX/TeXLive
)
Package color Info: Driver file: pdftex.def on input line 143.
)
\translbox@=\box29
\holdoverbox=\box30
\bybox@=\box31
\withbox@=\box32
\paperbox@=\box33
\paperinfobox@=\box34
\jourbox@=\box35
\issuebox@=\box36
\yrbox@=\box37
\pagesbox@=\box38
\edbox@=\box39
\bookbox@=\box40
\publbox@=\box41
\publaddrbox@=\box42
\procinfobox@=\box43
\miscnotebox@=\box44
\langbox@=\box45
\volbox@=\box46
\bookinfobox@=\box47
\serialbox@=\box48
\misc@box@=\box49
\defaulthelp@=\toks32
\isbnbox@=\box50
\paperidbox@=\box51
\totalpagesbox@=\box52
\finalbookinfobox@=\box53
\volinfobox@=\box54
\issueinfobox@=\box55
\serissuebox@=\box56
\elinkbox@=\box57
\arxivbox@=\box58
\publlbox@=\box59
\publaddrrbox@=\box60
\publllbox@=\box61
\publaddrrrbox@=\box62
\byybox@=\box63
\monthissuebox@=\box64
\journalnamebox@=\box65
\frombox@=\box66
\issnbox@=\box67
\bibIDbox@=\box68
\ptypebox@=\box69
\editionbox@=\box70
\procbox@=\box71
\bookvolbox@=\box72
\voltitlebox@=\box73
\finalinfobox@=\box74
\@@finalinfobox@=\box75

(/usr/share/texlive/texmf-dist/tex/latex/hyperref/hyperref.sty
Package: hyperref 2012/11/06 v6.83m Hypertext links for LaTeX

(/usr/share/texlive/texmf-dist/tex/generic/oberdiek/hobsub-hyperref.sty
Package: hobsub-hyperref 2012/05/28 v1.13 Bundle oberdiek, subset hyperref (HO)


(/usr/share/texlive/texmf-dist/tex/generic/oberdiek/hobsub-generic.sty
Package: hobsub-generic 2012/05/28 v1.13 Bundle oberdiek, subset generic (HO)
Package: hobsub 2012/05/28 v1.13 Construct package bundles (HO)
Package hobsub Info: Skipping package `infwarerr' (already loaded).
Package hobsub Info: Skipping package `ltxcmds' (already loaded).
Package: ifluatex 2010/03/01 v1.3 Provides the ifluatex switch (HO)
Package ifluatex Info: LuaTeX not detected.
Package hobsub Info: Skipping package `ifvtex' (already loaded).
Package: intcalc 2007/09/27 v1.1 Expandable calculations with integers (HO)
Package hobsub Info: Skipping package `ifpdf' (already loaded).
Package: etexcmds 2011/02/16 v1.5 Avoid name clashes with e-TeX commands (HO)
Package etexcmds Info: Could not find \expanded.
(etexcmds)             That can mean that you are not using pdfTeX 1.50 or
(etexcmds)             that some package has redefined \expanded.
(etexcmds)             In the latter case, load this package earlier.
Package: kvsetkeys 2012/04/25 v1.16 Key value parser (HO)
Package: kvdefinekeys 2011/04/07 v1.3 Define keys (HO)
Package: pdftexcmds 2011/11/29 v0.20 Utility functions of pdfTeX for LuaTeX (HO
)
Package pdftexcmds Info: LuaTeX not detected.
Package pdftexcmds Info: \pdf@primitive is available.
Package pdftexcmds Info: \pdf@ifprimitive is available.
Package pdftexcmds Info: \pdfdraftmode found.
Package: pdfescape 2011/11/25 v1.13 Implements pdfTeX's escape features (HO)
Package: bigintcalc 2012/04/08 v1.3 Expandable calculations on big integers (HO
)
Package: bitset 2011/01/30 v1.1 Handle bit-vector datatype (HO)
Package: uniquecounter 2011/01/30 v1.2 Provide unlimited unique counter (HO)
)
Package hobsub Info: Skipping package `hobsub' (already loaded).
Package: letltxmacro 2010/09/02 v1.4 Let assignment for LaTeX macros (HO)
Package: hopatch 2012/05/28 v1.2 Wrapper for package hooks (HO)
Package: xcolor-patch 2011/01/30 xcolor patch
Package: atveryend 2011/06/30 v1.8 Hooks at the very end of document (HO)
Package atveryend Info: \enddocument detected (standard20110627).
Package: atbegshi 2011/10/05 v1.16 At begin shipout hook (HO)
Package: refcount 2011/10/16 v3.4 Data extraction from label references (HO)
Package: hycolor 2011/01/30 v1.7 Color options for hyperref/bookmark (HO)
)
(/usr/share/texlive/texmf-dist/tex/latex/oberdiek/auxhook.sty
Package: auxhook 2011/03/04 v1.3 Hooks for auxiliary files (HO)
)
(/usr/share/texlive/texmf-dist/tex/latex/oberdiek/kvoptions.sty
Package: kvoptions 2011/06/30 v3.11 Key value format for package options (HO)
)
\@linkdim=\dimen136
\Hy@linkcounter=\count106
\Hy@pagecounter=\count107

(/usr/share/texlive/texmf-dist/tex/latex/hyperref/pd1enc.def
File: pd1enc.def 2012/11/06 v6.83m Hyperref: PDFDocEncoding definition (HO)
\symPD1letters=\mathgroup10
)
\Hy@SavedSpaceFactor=\count108
Package hyperref Info: Option `unicode' set `true' on input line 3411.

(/usr/share/texlive/texmf-dist/tex/latex/hyperref/puenc.def
File: puenc.def 2012/11/06 v6.83m Hyperref: PDF Unicode definition (HO)
\symPUletters=\mathgroup11
)
(/usr/share/texlive/texmf-dist/tex/latex/latexconfig/hyperref.cfg
File: hyperref.cfg 2002/06/06 v1.2 hyperref configuration of TeXLive
)
Package hyperref Info: Option `unicode' set `true' on input line 4319.
Package hyperref Info: Hyper figures OFF on input line 4443.
Package hyperref Info: Link nesting OFF on input line 4448.
Package hyperref Info: Hyper index ON on input line 4451.
Package hyperref Info: Plain pages OFF on input line 4458.
Package hyperref Info: Backreferencing OFF on input line 4463.
Package hyperref Info: Implicit mode ON; LaTeX internals redefined.
Package hyperref Info: Bookmarks ON on input line 4688.
LaTeX Info: Redefining \href on input line 4952.
\c@Hy@tempcnt=\count109

(/usr/share/texlive/texmf-dist/tex/latex/url/url.sty
\Urlmuskip=\muskip11
Package: url 2013/09/16  ver 3.4  Verb mode for urls, etc.
)
LaTeX Info: Redefining \url on input line 5041.
\XeTeXLinkMargin=\dimen137
\Fld@menulength=\count110
\Field@Width=\dimen138
\Fld@charsize=\dimen139
Package hyperref Info: Hyper figures OFF on input line 6295.
Package hyperref Info: Link nesting OFF on input line 6300.
Package hyperref Info: Hyper index ON on input line 6303.
Package hyperref Info: backreferencing OFF on input line 6310.
Package hyperref Info: Link coloring OFF on input line 6315.
Package hyperref Info: Link coloring with OCG OFF on input line 6320.
Package hyperref Info: PDF/A mode OFF on input line 6325.
LaTeX Info: Redefining \ref on input line 6365.
LaTeX Info: Redefining \pageref on input line 6369.
\Hy@abspage=\count111
\c@Item=\count112
\c@Hfootnote=\count113
)

Package hyperref Message: Driver (autodetected): hpdftex.

(/usr/share/texlive/texmf-dist/tex/latex/hyperref/hpdftex.def
File: hpdftex.def 2012/11/06 v6.83m Hyperref driver for pdfTeX
\Fld@listcount=\count114
\c@bookmark@seq@number=\count115

(/usr/share/texlive/texmf-dist/tex/latex/oberdiek/rerunfilecheck.sty
Package: rerunfilecheck 2011/04/15 v1.7 Rerun checks for auxiliary files (HO)
Package uniquecounter Info: New unique counter `rerunfilecheck' on input line 2
82.
)
\Hy@SectionHShift=\skip49
)
Package hyperref Info: Option `colorlinks' set `true' on input line 605.


Package hyperref Warning: Values of option `pdfpagemode':
(hyperref)                * `UseNone'
(hyperref)                * `UseOutlines'
(hyperref)                * `UseThumbs'
(hyperref)                * `FullScreen'
(hyperref)                * `UseOC' (PDF 1.5)
(hyperref)                * `UseAttachments' (PDF 1.6)
(hyperref)                * An empty value disables the option.
(hyperref)                Unknown value `None' on input line 605.

) (/usr/share/texlive/texmf-dist/tex/latex/titling/titling.sty
Package: titling 2009/09/04 v2.1d maketitle typesetting
\thanksmarkwidth=\skip50
\thanksmargin=\skip51
\droptitle=\skip52
)
(/usr/share/texlive/texmf-dist/tex/latex/fancyhdr/fancyhdr.sty
\fancy@headwidth=\skip53
\f@ncyO@elh=\skip54
\f@ncyO@erh=\skip55
\f@ncyO@olh=\skip56
\f@ncyO@orh=\skip57
\f@ncyO@elf=\skip58
\f@ncyO@erf=\skip59
\f@ncyO@olf=\skip60
\f@ncyO@orf=\skip61
)

! LaTeX Error: Option clash for package hyperref.

See the LaTeX manual or LaTeX Companion for explanation.
Type  H <return>  for immediate help.
 ...                                              
                                                  
l.17 \usepackage
                {xcolor}
The package hyperref has already been loaded with options:
  [unicode]
There has now been an attempt to load it with options
  [colorlinks]
Adding the global options:
  unicode,colorlinks
to your \documentclass declaration may fix this.
Try typing  <return>  to proceed.

(/usr/share/texlive/texmf-dist/tex/latex/xcolor/xcolor.sty
Package: xcolor 2007/01/21 v2.11 LaTeX color extensions (UK)

(/usr/share/texlive/texmf-dist/tex/latex/latexconfig/color.cfg
File: color.cfg 2007/01/18 v1.5 color configuration of teTeX/TeXLive
)
Package xcolor Info: Driver file: pdftex.def on input line 225.
LaTeX Info: Redefining \color on input line 702.
Package xcolor Info: Model `cmy' substituted by `cmy0' on input line 1337.
Package xcolor Info: Model `hsb' substituted by `rgb' on input line 1341.
Package xcolor Info: Model `RGB' extended on input line 1353.
Package xcolor Info: Model `HTML' substituted by `rgb' on input line 1355.
Package xcolor Info: Model `Hsb' substituted by `hsb' on input line 1356.
Package xcolor Info: Model `tHsb' substituted by `hsb' on input line 1357.
Package xcolor Info: Model `HSB' substituted by `hsb' on input line 1358.
Package xcolor Info: Model `Gray' substituted by `gray' on input line 1359.
Package xcolor Info: Model `wave' substituted by `hsb' on input line 1360.
)
(/usr/share/texlive/texmf-dist/tex/latex/algorithm2e/algorithm2e.sty
Package: algorithm2e 2013/01/06 v5.00 algorithms environments
\c@AlgoLine=\count116

(/usr/share/texlive/texmf-dist/tex/latex/base/ifthen.sty
Package: ifthen 2014/09/29 v1.1c Standard LaTeX ifthen package (DPC)
)
\algocf@hangindent=\skip62

(/usr/share/texlive/texmf-dist/tex/latex/tools/xspace.sty
Package: xspace 2014/10/28 v1.13 Space after command names (DPC,MH)
)
(/usr/share/texlive/texmf-dist/tex/latex/relsize/relsize.sty
Package: relsize 2013/03/29 ver 4.1
)
********************************************************
Package `algorithm2e' Release 5.1 -- october 19 2015 --
- algorithm2e-announce@lirmm.fr mailing list for announcement about releases
- algorithm2e-discussion@lirmm.fr mailing list for discussion about package
subscribe by emailing sympa@lirmm.fr with 'subscribe <list> <firstname name>'
- Author: Christophe Fiorio (christophe.fiorio@umontpellier.fr)
********************************************************
\skiptotal=\skip63
\skiplinenumber=\skip64
\skiprule=\skip65
\skiphlne=\skip66
\skiptext=\skip67
\skiplength=\skip68
\algomargin=\skip69
\skipalgocfslide=\skip70
\algowidth=\dimen140
\inoutsize=\dimen141
\inoutindent=\dimen142
\interspacetitleruled=\dimen143
\interspacealgoruled=\dimen144
\interspacetitleboxruled=\dimen145
\algocf@ruledwidth=\skip71
\algocf@inoutbox=\box76
\algocf@inputbox=\box77
\AlCapSkip=\skip72
\AlCapHSkip=\skip73
\algoskipindent=\skip74
\algocf@nlbox=\box78
\algocf@hangingbox=\box79
\algocf@untilbox=\box80
\algocf@skipuntil=\skip75
\algocf@capbox=\box81
\algoheightruledefault=\skip76
\algoheightrule=\skip77
\algotitleheightruledefault=\skip78
\algotitleheightrule=\skip79
\c@algocfline=\count117
\c@algocfproc=\count118
\c@algocf=\count119
\algocf@algoframe=\box82
\algocf@algobox=\box83
) (/usr/share/texlive/texmf-dist/tex/latex/listings/listings.sty
\lst@mode=\count120
\lst@gtempboxa=\box84
\lst@token=\toks33
\lst@length=\count121
\lst@currlwidth=\dimen146
\lst@column=\count122
\lst@pos=\count123
\lst@lostspace=\dimen147
\lst@width=\dimen148
\lst@newlines=\count124
\lst@lineno=\count125
\lst@maxwidth=\dimen149

(/usr/share/texlive/texmf-dist/tex/latex/listings/lstmisc.sty
File: lstmisc.sty 2015/06/04 1.6 (Carsten Heinz)
\c@lstnumber=\count126
\lst@skipnumbers=\count127
\lst@framebox=\box85
)
(/usr/share/texlive/texmf-dist/tex/latex/listings/listings.cfg
File: listings.cfg 2015/06/04 1.6 listings configuration
))
Package: listings 2015/06/04 1.6 (Carsten Heinz)
Package hyperref Info: Option `colorlinks' set `true' on input line 32.
\c@theor=\count128
\c@lemma=\count129
\c@dfn=\count130
 (./niss.aux)
\openout1 = `niss.aux'.

LaTeX Font Info:    Checking defaults for OML/cmm/m/it on input line 59.
LaTeX Font Info:    ... okay on input line 59.
LaTeX Font Info:    Checking defaults for T1/cmr/m/n on input line 59.
LaTeX Font Info:    ... okay on input line 59.
LaTeX Font Info:    Checking defaults for OT1/cmr/m/n on input line 59.
LaTeX Font Info:    ... okay on input line 59.
LaTeX Font Info:    Checking defaults for OMS/cmsy/m/n on input line 59.
LaTeX Font Info:    ... okay on input line 59.
LaTeX Font Info:    Checking defaults for OMX/cmex/m/n on input line 59.
LaTeX Font Info:    ... okay on input line 59.
LaTeX Font Info:    Checking defaults for U/cmr/m/n on input line 59.
LaTeX Font Info:    ... okay on input line 59.
LaTeX Font Info:    Checking defaults for T2A/cmr/m/n on input line 59.
LaTeX Font Info:    ... okay on input line 59.
LaTeX Font Info:    Checking defaults for PD1/pdf/m/n on input line 59.
LaTeX Font Info:    ... okay on input line 59.
LaTeX Font Info:    Checking defaults for PU/pdf/m/n on input line 59.
LaTeX Font Info:    ... okay on input line 59.

*geometry* driver: auto-detecting
*geometry* detected driver: pdftex
*geometry* verbose mode - [ preamble ] result:
* driver: pdftex
* paper: a4paper
* layout: <same size as paper>
* layoutoffset:(h,v)=(0.0pt,0.0pt)
* modes: 
* h-part:(L,W,R)=(62.59596pt, 449.55365pt, 85.35826pt)
* v-part:(T,H,B)=(59.75095pt, 699.93764pt, 85.35826pt)
* \paperwidth=597.50787pt
* \paperheight=845.04684pt
* \textwidth=449.55365pt
* \textheight=699.93764pt
* \oddsidemargin=-9.67403pt
* \evensidemargin=-9.67403pt
* \topmargin=-49.51904pt
* \headheight=12.0pt
* \headsep=25.0pt
* \topskip=10.0pt
* \footskip=30.0pt
* \marginparwidth=57.0pt
* \marginparsep=11.0pt
* \columnsep=10.0pt
* \skip\footins=9.0pt plus 4.0pt minus 2.0pt
* \hoffset=0.0pt
* \voffset=0.0pt
* \mag=1000
* \@twocolumnfalse
* \@twosidefalse
* \@mparswitchfalse
* \@reversemarginfalse
* (1in=72.27pt=25.4mm, 1cm=28.453pt)

(/usr/share/texlive/texmf-dist/tex/context/base/supp-pdf.mkii
[Loading MPS to PDF converter (version 2006.09.02).]
\scratchcounter=\count131
\scratchdimen=\dimen150
\scratchbox=\box86
\nofMPsegments=\count132
\nofMParguments=\count133
\everyMPshowfont=\toks34
\MPscratchCnt=\count134
\MPscratchDim=\dimen151
\MPnumerator=\count135
\makeMPintoPDFobject=\count136
\everyMPtoPDFconversion=\toks35
) (/usr/share/texlive/texmf-dist/tex/latex/oberdiek/epstopdf-base.sty
Package: epstopdf-base 2010/02/09 v2.5 Base part for package epstopdf

(/usr/share/texlive/texmf-dist/tex/latex/oberdiek/grfext.sty
Package: grfext 2010/08/19 v1.1 Manage graphics extensions (HO)
)
Package grfext Info: Graphics extension search list:
(grfext)             [.png,.pdf,.jpg,.mps,.jpeg,.jbig2,.jb2,.PNG,.PDF,.JPG,.JPE
G,.JBIG2,.JB2,.eps]
(grfext)             \AppendGraphicsExtensions on input line 452.

(/usr/share/texlive/texmf-dist/tex/latex/latexconfig/epstopdf-sys.cfg
File: epstopdf-sys.cfg 2010/07/13 v1.3 Configuration of (r)epstopdf for TeX Liv
e
))
\AtBeginShipoutBox=\box87
Package hyperref Info: Link coloring ON on input line 59.

(/usr/share/texlive/texmf-dist/tex/latex/hyperref/nameref.sty
Package: nameref 2012/10/27 v2.43 Cross-referencing by name of section

(/usr/share/texlive/texmf-dist/tex/generic/oberdiek/gettitlestring.sty
Package: gettitlestring 2010/12/03 v1.4 Cleanup title references (HO)
)
\c@section@level=\count137
)
LaTeX Info: Redefining \ref on input line 59.
LaTeX Info: Redefining \pageref on input line 59.
LaTeX Info: Redefining \nameref on input line 59.

(./niss.out) (./niss.out)
\@outlinefile=\write4
\openout4 = `niss.out'.

\c@lstlisting=\count138
LaTeX Font Info:    Try loading font information for U+msa on input line 69.

(/usr/share/texlive/texmf-dist/tex/latex/amsfonts/umsa.fd
File: umsa.fd 2013/01/14 v3.01 AMS symbols A
)
LaTeX Font Info:    Try loading font information for U+msb on input line 69.

(/usr/share/texlive/texmf-dist/tex/latex/amsfonts/umsb.fd
File: umsb.fd 2013/01/14 v3.01 AMS symbols B
)
LaTeX Font Info:    Try loading font information for OML+cmr on input line 69.

(/usr/share/texlive/texmf-dist/tex/latex/base/omlcmr.fd
File: omlcmr.fd 2014/09/29 v2.5h Standard LaTeX font definitions
)
LaTeX Font Info:    Font shape `OML/cmr/m/n' in size <12> not available
(Font)              Font shape `OML/cmm/m/it' tried instead on input line 69.
LaTeX Font Info:    Font shape `OML/cmr/m/n' in size <8> not available
(Font)              Font shape `OML/cmm/m/it' tried instead on input line 69.
LaTeX Font Info:    Font shape `OML/cmr/m/n' in size <6> not available
(Font)              Font shape `OML/cmm/m/it' tried instead on input line 69.
LaTeX Font Info:    Try loading font information for OMS+cmr on input line 69.

(/usr/share/texlive/texmf-dist/tex/latex/base/omscmr.fd
File: omscmr.fd 2014/09/29 v2.5h Standard LaTeX font definitions
)
LaTeX Font Info:    Font shape `OMS/cmr/m/n' in size <12> not available
(Font)              Font shape `OMS/cmsy/m/n' tried instead on input line 69.
LaTeX Font Info:    Font shape `OMS/cmr/m/n' in size <8> not available
(Font)              Font shape `OMS/cmsy/m/n' tried instead on input line 69.
LaTeX Font Info:    Font shape `OMS/cmr/m/n' in size <6> not available
(Font)              Font shape `OMS/cmsy/m/n' tried instead on input line 69.
LaTeX Font Info:    Try loading font information for U+rsfs on input line 69.

(/usr/share/texlive/texmf-dist/tex/latex/jknapltx/ursfs.fd
File: ursfs.fd 1998/03/24 rsfs font definition file (jk)
)
LaTeX Font Info:    Try loading font information for PD1+cmr on input line 69.
LaTeX Font Info:    No file PD1cmr.fd. on input line 69.


LaTeX Font Warning: Font shape `PD1/cmr/m/n' undefined
(Font)              using `PD1/pdf/m/n' instead on input line 69.

LaTeX Font Info:    Try loading font information for PU+cmr on input line 69.
LaTeX Font Info:    No file PUcmr.fd. on input line 69.

LaTeX Font Warning: Font shape `PU/cmr/m/n' undefined
(Font)              using `PU/pdf/m/n' instead on input line 69.

LaTeX Font Info:    Font shape `OML/cmr/m/n' in size <10> not available
(Font)              Font shape `OML/cmm/m/it' tried instead on input line 70.
LaTeX Font Info:    Font shape `OML/cmr/m/n' in size <7> not available
(Font)              Font shape `OML/cmm/m/it' tried instead on input line 70.
LaTeX Font Info:    Font shape `OML/cmr/m/n' in size <5> not available
(Font)              Font shape `OML/cmm/m/it' tried instead on input line 70.
LaTeX Font Info:    Font shape `OMS/cmr/m/n' in size <10> not available
(Font)              Font shape `OMS/cmsy/m/n' tried instead on input line 70.
LaTeX Font Info:    Font shape `OMS/cmr/m/n' in size <7> not available
(Font)              Font shape `OMS/cmsy/m/n' tried instead on input line 70.
LaTeX Font Info:    Font shape `OMS/cmr/m/n' in size <5> not available
(Font)              Font shape `OMS/cmsy/m/n' tried instead on input line 70.

Overfull \hbox (15.0pt too wide) in paragraph at lines 68--71
[]$[]$ 
 []


Underfull \hbox (badness 10000) in paragraph at lines 75--76

 []


Underfull \hbox (badness 10000) in paragraph at lines 85--107

 []

Package babel Info: Redefining russian shorthand "|
(babel)             in language  on input line 109.
Package babel Info: Redefining russian shorthand "~
(babel)             in language  on input line 109.

Underfull \hbox (badness 10000) in paragraph at lines 114--124

 []

Package babel Info: Redefining russian shorthand "|
(babel)             in language  on input line 124.
Package babel Info: Redefining russian shorthand "~
(babel)             in language  on input line 124.
Package babel Info: Redefining russian shorthand "|
(babel)             in language  on input line 124.
Package babel Info: Redefining russian shorthand "~
(babel)             in language  on input line 124.
[1

{/var/lib/texmf/fonts/map/pdftex/updmap/pdftex.map}]
Package babel Info: Redefining russian shorthand "|
(babel)             in language  on input line 125.
Package babel Info: Redefining russian shorthand "~
(babel)             in language  on input line 125.
Package babel Info: Redefining russian shorthand "|
(babel)             in language  on input line 157.
Package babel Info: Redefining russian shorthand "~
(babel)             in language  on input line 157.
Package babel Info: Redefining russian shorthand "|
(babel)             in language  on input line 157.
Package babel Info: Redefining russian shorthand "~
(babel)             in language  on input line 157.
 [2]
Package babel Info: Redefining russian shorthand "|
(babel)             in language  on input line 158.
Package babel Info: Redefining russian shorthand "~
(babel)             in language  on input line 158.

Underfull \hbox (badness 10000) in paragraph at lines 159--162

 []


Underfull \hbox (badness 10000) in paragraph at lines 171--202

 []


Overfull \hbox (10.1325pt too wide) in paragraph at lines 171--202
[]
 []


Underfull \hbox (badness 10000) in paragraph at lines 171--202

 []


Underfull \hbox (badness 10000) in paragraph at lines 171--202

 []


Underfull \hbox (badness 10000) in paragraph at lines 171--202

 []

<./images/kmeans.png, id=78, 433.62pt x 289.08pt>
File: ./images/kmeans.png Graphic file (type png)
 <use ./images/kmeans.png>
Package pdftex.def Info: ./images/kmeans.png used on input line 206.
(pdftex.def)             Requested size: 224.77682pt x 149.85048pt.

<./images/ElbowMethod.png, id=80, 349.305pt x 353.82187pt>
File: ./images/ElbowMethod.png Graphic file (type png)

<use ./images/ElbowMethod.png>
Package pdftex.def Info: ./images/ElbowMethod.png used on input line 211.
(pdftex.def)             Requested size: 179.81871pt x 182.1474pt.

Underfull \hbox (badness 10000) in paragraph at lines 219--222

 []

Package babel Info: Redefining russian shorthand "|
(babel)             in language  on input line 222.
Package babel Info: Redefining russian shorthand "~
(babel)             in language  on input line 222.
Package babel Info: Redefining russian shorthand "|
(babel)             in language  on input line 222.
Package babel Info: Redefining russian shorthand "~
(babel)             in language  on input line 222.
[3] <./images/lda.png, id=94, 394.47375pt x 186.6975pt>
File: ./images/lda.png Graphic file (type png)
 <use ./images/lda.png>
Package pdftex.def Info: ./images/lda.png used on input line 242.
(pdftex.def)             Requested size: 276.12973pt x 130.68735pt.
Package babel Info: Redefining russian shorthand "|
(babel)             in language  on input line 246.
Package babel Info: Redefining russian shorthand "~
(babel)             in language  on input line 246.

Underfull \hbox (badness 10000) in paragraph at lines 247--249

 []

Package babel Info: Redefining russian shorthand "|
(babel)             in language  on input line 249.
Package babel Info: Redefining russian shorthand "~
(babel)             in language  on input line 249.
Package babel Info: Redefining russian shorthand "|
(babel)             in language  on input line 249.
Package babel Info: Redefining russian shorthand "~
(babel)             in language  on input line 249.
[4 <./images/kmeans.png> <./images/ElbowMethod.png> <./images/lda.png>]
! Missing $ inserted.
<inserted text> 
                $
l.262 \begin{pmatrix}
                     
I've inserted a begin-math/end-math symbol since I think
you left one out. Proceed, with fingers crossed.

! Missing $ inserted.
<inserted text> 
                $
l.267 \end{pmatrix}
                   
I've inserted something that you may have forgotten.
(See the <inserted text> above.)
With luck, this will get me unwedged. But if you
really didn't forget anything, try typing `2' now; then
my insertion and my current dilemma will both disappear.

<./images/mds.png, id=114, 563.10374pt x 518.93875pt>
File: ./images/mds.png Graphic file (type png)
 <use ./images/mds.png>
Package pdftex.def Info: ./images/mds.png used on input line 271.
(pdftex.def)             Requested size: 394.16994pt x 363.25465pt.
Package babel Info: Redefining russian shorthand "|
(babel)             in language  on input line 285.
Package babel Info: Redefining russian shorthand "~
(babel)             in language  on input line 285.
Package babel Info: Redefining russian shorthand "|
(babel)             in language  on input line 285.
Package babel Info: Redefining russian shorthand "~
(babel)             in language  on input line 285.

[5 <./images/mds.png>] <./images/hdc.png, id=123, 444.15938pt x 405.76593pt>
File: ./images/hdc.png Graphic file (type png)

<use ./images/hdc.png>
Package pdftex.def Info: ./images/hdc.png used on input line 289.
(pdftex.def)             Requested size: 399.73973pt x 365.18596pt.
Package babel Info: Redefining russian shorthand "|
(babel)             in language  on input line 293.
Package babel Info: Redefining russian shorthand "~
(babel)             in language  on input line 293.
Package babel Info: Redefining russian shorthand "|
(babel)             in language  on input line 293.
Package babel Info: Redefining russian shorthand "~
(babel)             in language  on input line 293.
 [6 <./images/hdc.png>]
Package babel Info: Redefining russian shorthand "|
(babel)             in language  on input line 295.
Package babel Info: Redefining russian shorthand "~
(babel)             in language  on input line 295.

Underfull \hbox (badness 10000) in paragraph at lines 296--300

 []

(/usr/share/texlive/texmf-dist/tex/latex/listings/lstlang1.sty
File: lstlang1.sty 2015/06/04 1.6 listings language file
) (./art_main.py)
Overfull \hbox (16.14133pt too wide) in paragraph at lines 301--302
[][] 
 []


! LaTeX Error: There's no line here to end.

See the LaTeX manual or LaTeX Companion for explanation.
Type  H <return>  for immediate help.
 ...                                              
                                                  
l.303 \newline
              
Your command was ignored.
Type  I <command> <return>  to replace it with another command,
or  <return>  to continue without it.


! LaTeX Error: There's no line here to end.

See the LaTeX manual or LaTeX Companion for explanation.
Type  H <return>  for immediate help.
 ...                                              
                                                  
l.304 \newline
              
Your command was ignored.
Type  I <command> <return>  to replace it with another command,
or  <return>  to continue without it.


Underfull \hbox (badness 10000) in paragraph at lines 305--307

 []


Underfull \hbox (badness 10000) in paragraph at lines 305--307

 []


Underfull \hbox (badness 10000) in paragraph at lines 308--314

 []

Package babel Info: Redefining russian shorthand "|
(babel)             in language  on input line 314.
Package babel Info: Redefining russian shorthand "~
(babel)             in language  on input line 314.
Package babel Info: Redefining russian shorthand "|
(babel)             in language  on input line 314.
Package babel Info: Redefining russian shorthand "~
(babel)             in language  on input line 314.
[7]
Package babel Info: Redefining russian shorthand "|
(babel)             in language  on input line 315.
Package babel Info: Redefining russian shorthand "~
(babel)             in language  on input line 315.

Underfull \hbox (badness 10000) in paragraph at lines 316--318

 []

(./art_wos_parser.py)
Overfull \hbox (22.13991pt too wide) in paragraph at lines 319--320
[][] 
 []


Overfull \hbox (6.22505pt too wide) in paragraph at lines 321--327
\T2A/cmr/m/n/10 html-форма, ко-то-рую нуж-но ис-кать для по-стро-е-ния за-про-с
а к ме-то-ду driver.find_element_by_xpath,
 []


Underfull \hbox (badness 10000) in paragraph at lines 321--327

 []

<./images/wossearch.png, id=184, 695.59875pt x 371.3875pt>
File: ./images/wossearch.png Graphic file (type png)

<use ./images/wossearch.png>
Package pdftex.def Info: ./images/wossearch.png used on input line 330.
(pdftex.def)             Requested size: 382.5805pt x 204.26375pt.
Package babel Info: Redefining russian shorthand "|
(babel)             in language  on input line 336.
Package babel Info: Redefining russian shorthand "~
(babel)             in language  on input line 336.
Package babel Info: Redefining russian shorthand "|
(babel)             in language  on input line 336.
Package babel Info: Redefining russian shorthand "~
(babel)             in language  on input line 336.
 [8 <./images/wossearch.png>] (./art_wos_parser.py) (./art_wos_parser.py)
Package hyperref Info: bookmark level for unknown lstlisting defaults to 0 on i
nput line 349.
 (./art_abstract_data.py) (./art_wos_parser.py)
(./art_wos_parser.py)
Underfull \hbox (badness 10000) in paragraph at lines 336--380

 []


Underfull \hbox (badness 10000) in paragraph at lines 336--380

 []


Underfull \hbox (badness 10000) in paragraph at lines 336--380

 []


Overfull \hbox (55.12856pt too wide) in paragraph at lines 336--380
[] 
 []


Underfull \hbox (badness 10000) in paragraph at lines 336--380

 []


Underfull \hbox (badness 10000) in paragraph at lines 336--380

 []


Underfull \hbox (badness 10000) in paragraph at lines 336--380

 []


Underfull \hbox (badness 10000) in paragraph at lines 336--380

 []


Underfull \hbox (badness 10000) in paragraph at lines 336--380

 []


Underfull \hbox (badness 10000) in paragraph at lines 336--380

 []


Underfull \hbox (badness 10000) in paragraph at lines 336--380

 []


Underfull \hbox (badness 10000) in paragraph at lines 336--380

 []


Underfull \hbox (badness 10000) in paragraph at lines 336--380

 []


Underfull \hbox (badness 10000) in paragraph at lines 336--380

 []

Package babel Info: Redefining russian shorthand "|
(babel)             in language  on input line 380.
Package babel Info: Redefining russian shorthand "~
(babel)             in language  on input line 380.
Package babel Info: Redefining russian shorthand "|
(babel)             in language  on input line 380.
Package babel Info: Redefining russian shorthand "~
(babel)             in language  on input line 380.
[9]
Package babel Info: Redefining russian shorthand "|
(babel)             in language  on input line 380.
Package babel Info: Redefining russian shorthand "~
(babel)             in language  on input line 380.
 (./art_abstract_data.py) (./art_wos_graph.py) (./art_wos_graph.py)
(./art_wos_graph.py)
Underfull \hbox (badness 10000) in paragraph at lines 381--419

 []


Underfull \hbox (badness 10000) in paragraph at lines 381--419

 []


Underfull \hbox (badness 10000) in paragraph at lines 381--419

 []


Underfull \hbox (badness 10000) in paragraph at lines 381--419

 []


Overfull \hbox (7.13991pt too wide) in paragraph at lines 381--419
[] 
 []


Underfull \hbox (badness 10000) in paragraph at lines 381--419

 []


Underfull \hbox (badness 10000) in paragraph at lines 381--419

 []

Package babel Info: Redefining russian shorthand "|
(babel)             in language  on input line 419.
Package babel Info: Redefining russian shorthand "~
(babel)             in language  on input line 419.
Package babel Info: Redefining russian shorthand "|
(babel)             in language  on input line 419.
Package babel Info: Redefining russian shorthand "~
(babel)             in language  on input line 419.
[10]
Package babel Info: Redefining russian shorthand "|
(babel)             in language  on input line 419.
Package babel Info: Redefining russian shorthand "~
(babel)             in language  on input line 419.
Package babel Info: Redefining russian shorthand "|
(babel)             in language  on input line 419.
Package babel Info: Redefining russian shorthand "~
(babel)             in language  on input line 419.
 [11]
Package babel Info: Redefining russian shorthand "|
(babel)             in language  on input line 419.
Package babel Info: Redefining russian shorthand "~
(babel)             in language  on input line 419.
Package babel Info: Redefining russian shorthand "|
(babel)             in language  on input line 419.
Package babel Info: Redefining russian shorthand "~
(babel)             in language  on input line 419.
 [12]
Package babel Info: Redefining russian shorthand "|
(babel)             in language  on input line 419.
Package babel Info: Redefining russian shorthand "~
(babel)             in language  on input line 419.
 (./art_wos_clasterization.py) (./art_wos_clasterization.py)
(./art_wos_clasterization.py) (./art_wos_clasterization.py)
(./art_wos_clasterization.py) (./art_wos_clasterization.py)
Underfull \hbox (badness 10000) in paragraph at lines 420--473

 []


Underfull \hbox (badness 10000) in paragraph at lines 420--473

 []


Underfull \hbox (badness 10000) in paragraph at lines 420--473

 []


Overfull \hbox (31.13423pt too wide) in paragraph at lines 420--473
[] 
 []


Underfull \hbox (badness 10000) in paragraph at lines 420--473

 []


Underfull \hbox (badness 10000) in paragraph at lines 420--473

 []


Underfull \hbox (badness 10000) in paragraph at lines 420--473

 []


Overfull \hbox (12.94563pt too wide) in paragraph at lines 420--473
\T2A/cmr/m/n/10 totalvocab_stemmed - мас-сив с тер-ма-ми из ан-но-та-ций, ко-то
-рые бы-ли пе-ре-да-ны в tokenize_and_stem(). 
 []


Underfull \hbox (badness 10000) in paragraph at lines 420--473

 []


Overfull \hbox (1.14133pt too wide) in paragraph at lines 420--473
[] 
 []


Underfull \hbox (badness 10000) in paragraph at lines 420--473

 []


Underfull \hbox (badness 10000) in paragraph at lines 420--473

 []


Overfull \hbox (1.14133pt too wide) in paragraph at lines 420--473
[] 
 []


Underfull \hbox (badness 10000) in paragraph at lines 420--473

 []


Underfull \hbox (badness 10000) in paragraph at lines 420--473

 []

Package babel Info: Redefining russian shorthand "|
(babel)             in language  on input line 473.
Package babel Info: Redefining russian shorthand "~
(babel)             in language  on input line 473.
Package babel Info: Redefining russian shorthand "|
(babel)             in language  on input line 473.
Package babel Info: Redefining russian shorthand "~
(babel)             in language  on input line 473.
[13]
Package babel Info: Redefining russian shorthand "|
(babel)             in language  on input line 473.
Package babel Info: Redefining russian shorthand "~
(babel)             in language  on input line 473.
Package babel Info: Redefining russian shorthand "|
(babel)             in language  on input line 473.
Package babel Info: Redefining russian shorthand "~
(babel)             in language  on input line 473.
 [14] <./images/em.png, id=432, 492.1587pt x 490.7133pt>
File: ./images/em.png Graphic file (type png)

<use ./images/em.png>
Package pdftex.def Info: ./images/em.png used on input line 476.
(pdftex.def)             Requested size: 246.07875pt x 245.35605pt.


LaTeX Warning: `!h' float specifier changed to `!ht'.


! LaTeX Error: There's no line here to end.

See the LaTeX manual or LaTeX Companion for explanation.
Type  H <return>  for immediate help.
 ...                                              
                                                  
l.480 \newline
              
Your command was ignored.
Type  I <command> <return>  to replace it with another command,
or  <return>  to continue without it.

(./art_wos_clasterization.py) (./art_wos_clasterization.py)
(./art_wos_clasterization.py) (./art_wos_clasterization.py)
(./art_wos_clasterization.py) (./art_wos_clasterization.py)
(./art_wos_clasterization.py) (./art_wos_clasterization.py)
(./art_wos_clasterization.py) (./art_wos_clasterization.py)
(./art_wos_clasterization.py)
Underfull \hbox (badness 10000) in paragraph at lines 481--558

 []


Underfull \hbox (badness 10000) in paragraph at lines 481--558

 []


Underfull \hbox (badness 10000) in paragraph at lines 481--558

 []


Underfull \hbox (badness 10000) in paragraph at lines 481--558

 []


Underfull \hbox (badness 10000) in paragraph at lines 481--558

 []


Underfull \hbox (badness 10000) in paragraph at lines 481--558

 []


Underfull \hbox (badness 10000) in paragraph at lines 481--558

 []


Underfull \hbox (badness 10000) in paragraph at lines 481--558

 []


Overfull \hbox (25.13565pt too wide) in paragraph at lines 481--558
[] 
 []


Underfull \hbox (badness 10000) in paragraph at lines 481--558

 []


Underfull \hbox (badness 10000) in paragraph at lines 481--558

 []


Underfull \hbox (badness 10000) in paragraph at lines 481--558

 []


Underfull \hbox (badness 10000) in paragraph at lines 481--558

 []


Underfull \hbox (badness 10000) in paragraph at lines 481--558

 []


Underfull \hbox (badness 10000) in paragraph at lines 481--558

 []


Underfull \hbox (badness 10000) in paragraph at lines 481--558

 []


Underfull \hbox (badness 10000) in paragraph at lines 481--558

 []


Underfull \hbox (badness 10000) in paragraph at lines 481--558

 []


Underfull \hbox (badness 10000) in paragraph at lines 481--558

 []


Underfull \hbox (badness 10000) in paragraph at lines 481--558

 []


Underfull \hbox (badness 10000) in paragraph at lines 481--558

 []


Underfull \hbox (badness 10000) in paragraph at lines 481--558

 []


Underfull \hbox (badness 10000) in paragraph at lines 481--558

 []


Underfull \hbox (badness 10000) in paragraph at lines 481--558

 []


Underfull \hbox (badness 10000) in paragraph at lines 481--558

 []


Underfull \hbox (badness 10000) in paragraph at lines 481--558

 []

Package babel Info: Redefining russian shorthand "|
(babel)             in language  on input line 558.
Package babel Info: Redefining russian shorthand "~
(babel)             in language  on input line 558.
Package babel Info: Redefining russian shorthand "|
(babel)             in language  on input line 558.
Package babel Info: Redefining russian shorthand "~
(babel)             in language  on input line 558.
[15]
Package babel Info: Redefining russian shorthand "|
(babel)             in language  on input line 558.
Package babel Info: Redefining russian shorthand "~
(babel)             in language  on input line 558.
Package babel Info: Redefining russian shorthand "|
(babel)             in language  on input line 558.
Package babel Info: Redefining russian shorthand "~
(babel)             in language  on input line 558.
 [16 <./images/em.png>]
Package babel Info: Redefining russian shorthand "|
(babel)             in language  on input line 558.
Package babel Info: Redefining russian shorthand "~
(babel)             in language  on input line 558.
Package babel Info: Redefining russian shorthand "|
(babel)             in language  on input line 558.
Package babel Info: Redefining russian shorthand "~
(babel)             in language  on input line 558.
 [17]
Package babel Info: Redefining russian shorthand "|
(babel)             in language  on input line 559.
Package babel Info: Redefining russian shorthand "~
(babel)             in language  on input line 559.

Overfull \hbox (2.44598pt too wide) in paragraph at lines 560--569
\T2A/cmr/m/n/10 В ка-че-стве при-ме-ра ра-бо-ты про-грам-мы рас-смот-рим ее вы-
вод при вво-де за-про-са 'Dijkstra's algorithm'
 []


Underfull \hbox (badness 10000) in paragraph at lines 560--569

 []

Package babel Info: Redefining russian shorthand "|
(babel)             in language  on input line 569.
Package babel Info: Redefining russian shorthand "~
(babel)             in language  on input line 569.
Package babel Info: Redefining russian shorthand "|
(babel)             in language  on input line 569.
Package babel Info: Redefining russian shorthand "~
(babel)             in language  on input line 569.
[18] <./images/kmeansexample.png, id=569, 666.49pt x 185.69376pt>
File: ./images/kmeansexample.png Graphic file (type png)

<use ./images/kmeansexample.png>
Package pdftex.def Info: ./images/kmeansexample.png used on input line 572.
(pdftex.def)             Requested size: 399.89708pt x 111.4171pt.

<./images/ldaexample.png, id=570, 673.51625pt x 123.46124pt>
File: ./images/ldaexample.png Graphic file (type png)

<use ./images/ldaexample.png>
Package pdftex.def Info: ./images/ldaexample.png used on input line 578.
(pdftex.def)             Requested size: 404.11287pt x 74.0773pt.

Underfull \hbox (badness 10000) in paragraph at lines 582--587

 []

<./images/graph1.png, id=571, 548.0475pt x 548.0475pt>
File: ./images/graph1.png Graphic file (type png)

<use ./images/graph1.png>
Package pdftex.def Info: ./images/graph1.png used on input line 591.
(pdftex.def)             Requested size: 202.29776pt x 202.29773pt.

<./images/graph2.png, id=572, 809.0225pt x 503.8825pt>
File: ./images/graph2.png Graphic file (type png)

<use ./images/graph2.png>
Package pdftex.def Info: ./images/graph2.png used on input line 596.
(pdftex.def)             Requested size: 224.77682pt x 139.99435pt.

Underfull \hbox (badness 10000) in paragraph at lines 601--619

 []


Underfull \hbox (badness 10000) in paragraph at lines 601--619

 []


Underfull \hbox (badness 10000) in paragraph at lines 601--619

 []


Underfull \hbox (badness 10000) in paragraph at lines 601--619

 []


Underfull \hbox (badness 10000) in paragraph at lines 601--619

 []


Underfull \hbox (badness 10000) in paragraph at lines 601--619

 []


Underfull \hbox (badness 10000) in paragraph at lines 601--619

 []


Underfull \hbox (badness 10000) in paragraph at lines 601--619

 []


Underfull \hbox (badness 10000) in paragraph at lines 601--619

 []


Underfull \hbox (badness 10000) in paragraph at lines 601--619

 []


Underfull \hbox (badness 10000) in paragraph at lines 601--619

 []


Underfull \hbox (badness 10000) in paragraph at lines 601--619

 []

Package babel Info: Redefining russian shorthand "|
(babel)             in language  on input line 619.
Package babel Info: Redefining russian shorthand "~
(babel)             in language  on input line 619.
Package babel Info: Redefining russian shorthand "|
(babel)             in language  on input line 619.
Package babel Info: Redefining russian shorthand "~
(babel)             in language  on input line 619.
[19 <./images/kmeansexample.png> <./images/ldaexample.png>]
<./images/mdsexample.png, id=580, 1228.59pt x 650.43pt>
File: ./images/mdsexample.png Graphic file (type png)

<use ./images/mdsexample.png>
Package pdftex.def Info: ./images/mdsexample.png used on input line 623.
(pdftex.def)             Requested size: 491.42729pt x 260.16739pt.

Overfull \hbox (41.87364pt too wide) in paragraph at lines 623--624
 [][] 
 []

Package babel Info: Redefining russian shorthand "|
(babel)             in language  on input line 627.
Package babel Info: Redefining russian shorthand "~
(babel)             in language  on input line 627.

Underfull \hbox (badness 10000) in paragraph at lines 628--633

 []

Package babel Info: Redefining russian shorthand "|
(babel)             in language  on input line 633.
Package babel Info: Redefining russian shorthand "~
(babel)             in language  on input line 633.
Package babel Info: Redefining russian shorthand "|
(babel)             in language  on input line 633.
Package babel Info: Redefining russian shorthand "~
(babel)             in language  on input line 633.
[20 <./images/graph1.png> <./images/graph2.png> <./images/mdsexample.png>]
Package babel Info: Redefining russian shorthand "|
(babel)             in language  on input line 637.
Package babel Info: Redefining russian shorthand "~
(babel)             in language  on input line 637.
Package atveryend Info: Empty hook `BeforeClearDocument' on input line 692.
Package babel Info: Redefining russian shorthand "|
(babel)             in language  on input line 692.
Package babel Info: Redefining russian shorthand "~
(babel)             in language  on input line 692.
Package babel Info: Redefining russian shorthand "|
(babel)             in language  on input line 692.
Package babel Info: Redefining russian shorthand "~
(babel)             in language  on input line 692.

[21]
Package atveryend Info: Empty hook `AfterLastShipout' on input line 692.
 (./niss.aux)
Package atveryend Info: Executing hook `AtVeryEndDocument' on input line 692.
Package atveryend Info: Executing hook `AtEndAfterFileList' on input line 692.
Package rerunfilecheck Info: File `niss.out' has not changed.
(rerunfilecheck)             Checksum: D4F914EE7D93E5EAFD35511507484876;2010.


LaTeX Font Warning: Some font shapes were not available, defaults substituted.

Package atveryend Info: Empty hook `AtVeryVeryEnd' on input line 692.
 ) 
Here is how much of TeX's memory you used:
 15570 strings out of 493029
 213125 string characters out of 6136234
 609630 words of memory out of 5000000
 18383 multiletter control sequences out of 15000+600000
 25843 words of font info for 68 fonts, out of 8000000 for 9000
 1141 hyphenation exceptions out of 8191
 36i,18n,44p,1804b,1278s stack positions out of 5000i,500n,10000p,200000b,80000s
{/usr/share/texmf/fonts/enc/dvips/cm-super/cm-super-t2a.enc}</usr/share/texli
ve/texmf-dist/fonts/type1/public/amsfonts/cm/cmex10.pfb></usr/share/texlive/tex
mf-dist/fonts/type1/public/amsfonts/cm/cmmi10.pfb></usr/share/texlive/texmf-dis
t/fonts/type1/public/amsfonts/cm/cmmi5.pfb></usr/share/texlive/texmf-dist/fonts
/type1/public/amsfonts/cm/cmmi7.pfb></usr/share/texlive/texmf-dist/fonts/type1/
public/amsfonts/cm/cmr10.pfb></usr/share/texlive/texmf-dist/fonts/type1/public/
amsfonts/cm/cmr7.pfb></usr/share/texlive/texmf-dist/fonts/type1/public/amsfonts
/cm/cmsy10.pfb></usr/share/texlive/texmf-dist/fonts/type1/public/amsfonts/cm/cm
sy5.pfb></usr/share/texlive/texmf-dist/fonts/type1/public/amsfonts/cm/cmsy7.pfb
></usr/share/texlive/texmf-dist/fonts/type1/public/amsfonts/symbols/msbm10.pfb>
</usr/share/texmf/fonts/type1/public/cm-super/sfbx0900.pfb></usr/share/texmf/fo
nts/type1/public/cm-super/sfbx1000.pfb></usr/share/texmf/fonts/type1/public/cm-
super/sfbx1200.pfb></usr/share/texmf/fonts/type1/public/cm-super/sfbx1440.pfb><
/usr/share/texmf/fonts/type1/public/cm-super/sfbx1728.pfb></usr/share/texmf/fon
ts/type1/public/cm-super/sfrm0800.pfb></usr/share/texmf/fonts/type1/public/cm-s
uper/sfrm0900.pfb></usr/share/texmf/fonts/type1/public/cm-super/sfrm1000.pfb></
usr/share/texmf/fonts/type1/public/cm-super/sfrm1200.pfb></usr/share/texmf/font
s/type1/public/cm-super/sfti0900.pfb></usr/share/texmf/fonts/type1/public/cm-su
per/sfti1000.pfb>
Output written on niss.pdf (21 pages, 2132931 bytes).
PDF statistics:
 758 PDF objects out of 1000 (max. 8388607)
 691 compressed objects within 7 object streams
 443 named destinations out of 1000 (max. 500000)
 149 words of extra memory for PDF output out of 10000 (max. 10000000)

